0 info it worked if it ends with ok
1 verbose cli [ '/usr/local/bin/node',
1 verbose cli   '/usr/local/bin/npm',
1 verbose cli   'install',
1 verbose cli   '-g',
1 verbose cli   'cordova',
1 verbose cli   'ionic' ]
2 info using npm@2.5.1
3 info using node@v0.12.0
4 silly cache add args [ 'cordova', null ]
5 verbose cache add spec cordova
6 silly cache add args [ 'ionic', null ]
7 verbose cache add spec ionic
8 silly cache add parsed spec { raw: 'cordova',
8 silly cache add   scope: null,
8 silly cache add   name: 'cordova',
8 silly cache add   rawSpec: '',
8 silly cache add   spec: '*',
8 silly cache add   type: 'range' }
9 verbose addNamed cordova@*
10 silly addNamed semver.valid null
11 silly addNamed semver.validRange *
12 silly addNameRange { name: 'cordova', range: '*', hasData: false }
13 silly mapToRegistry name cordova
14 silly mapToRegistry using default registry
15 silly mapToRegistry registry https://registry.npmjs.org/
16 silly mapToRegistry uri https://registry.npmjs.org/cordova
17 verbose addNameRange registry:https://registry.npmjs.org/cordova not in flight; fetching
18 silly cache add parsed spec { raw: 'ionic',
18 silly cache add   scope: null,
18 silly cache add   name: 'ionic',
18 silly cache add   rawSpec: '',
18 silly cache add   spec: '*',
18 silly cache add   type: 'range' }
19 verbose addNamed ionic@*
20 silly addNamed semver.valid null
21 silly addNamed semver.validRange *
22 silly addNameRange { name: 'ionic', range: '*', hasData: false }
23 silly mapToRegistry name ionic
24 silly mapToRegistry using default registry
25 silly mapToRegistry registry https://registry.npmjs.org/
26 silly mapToRegistry uri https://registry.npmjs.org/ionic
27 verbose addNameRange registry:https://registry.npmjs.org/ionic not in flight; fetching
28 verbose request uri https://registry.npmjs.org/cordova
29 verbose request no auth needed
30 info attempt registry request try #1 at 8:30:21 AM
31 verbose request id 18d97042a067462c
32 http request GET https://registry.npmjs.org/cordova
33 verbose request uri https://registry.npmjs.org/ionic
34 verbose request no auth needed
35 info attempt registry request try #1 at 8:30:26 AM
36 http request GET https://registry.npmjs.org/ionic
37 http 200 https://registry.npmjs.org/ionic
38 silly get cb [ 200,
38 silly get   { server: 'CouchDB/1.5.0 (Erlang OTP/R16B03)',
38 silly get     etag: '"8D1MJP3VSDIGDR5Q5O3OYAOII"',
38 silly get     'content-type': 'application/json',
38 silly get     'cache-control': 'max-age=60',
38 silly get     'content-length': '419361',
38 silly get     'accept-ranges': 'bytes',
38 silly get     date: 'Sat, 13 Jun 2015 03:00:29 GMT',
38 silly get     via: '1.1 varnish',
38 silly get     age: '0',
38 silly get     connection: 'keep-alive',
38 silly get     'x-served-by': 'cache-sin6921-SIN',
38 silly get     'x-cache': 'HIT',
38 silly get     'x-cache-hits': '1',
38 silly get     'x-timer': 'S1434164429.292205,VS0,VE257',
38 silly get     vary: 'Accept' } ]
39 verbose get saving ionic to /home/hari/.npm/registry.npmjs.org/ionic/.cache.json
40 silly addNameRange number 2 { name: 'ionic', range: '*', hasData: true }
41 silly addNameRange versions [ 'ionic',
41 silly addNameRange   [ '0.9.6',
41 silly addNameRange     '0.9.8',
41 silly addNameRange     '0.9.9',
41 silly addNameRange     '0.9.10',
41 silly addNameRange     '0.9.11',
41 silly addNameRange     '0.9.12',
41 silly addNameRange     '0.9.13',
41 silly addNameRange     '0.9.14',
41 silly addNameRange     '0.9.15',
41 silly addNameRange     '0.9.16',
41 silly addNameRange     '1.0.0-beta.1',
41 silly addNameRange     '1.0.0-beta',
41 silly addNameRange     '1.0.1-beta',
41 silly addNameRange     '1.0.3-beta',
41 silly addNameRange     '1.0.4',
41 silly addNameRange     '1.0.5',
41 silly addNameRange     '1.0.6',
41 silly addNameRange     '1.0.7',
41 silly addNameRange     '1.0.8',
41 silly addNameRange     '1.0.9',
41 silly addNameRange     '1.0.10',
41 silly addNameRange     '1.0.11',
41 silly addNameRange     '1.0.12',
41 silly addNameRange     '1.0.13',
41 silly addNameRange     '1.0.14',
41 silly addNameRange     '1.0.15',
41 silly addNameRange     '1.0.16',
41 silly addNameRange     '1.0.17',
41 silly addNameRange     '1.1.0-beta1',
41 silly addNameRange     '1.1.0-beta2',
41 silly addNameRange     '1.1.0-beta3',
41 silly addNameRange     '1.1.0-beta4',
41 silly addNameRange     '1.1.0-beta5',
41 silly addNameRange     '1.1.0-beta6',
41 silly addNameRange     '1.1.0',
41 silly addNameRange     '1.1.1-beta1',
41 silly addNameRange     '1.1.1-beta2',
41 silly addNameRange     '1.1.1-beta3',
41 silly addNameRange     '1.1.1',
41 silly addNameRange     '1.1.3',
41 silly addNameRange     '1.1.4',
41 silly addNameRange     '1.1.5-beta1',
41 silly addNameRange     '1.1.5-beta2',
41 silly addNameRange     '1.1.5-beta3',
41 silly addNameRange     '1.1.5-beta4',
41 silly addNameRange     '1.1.5-beta5',
41 silly addNameRange     '1.1.5',
41 silly addNameRange     '1.1.6',
41 silly addNameRange     '1.1.7-beta1',
41 silly addNameRange     '1.1.7',
41 silly addNameRange     '1.1.8-beta1',
41 silly addNameRange     '1.1.8-beta2',
41 silly addNameRange     '1.1.8-beta3',
41 silly addNameRange     '1.1.8-beta4',
41 silly addNameRange     '1.1.8-beta5',
41 silly addNameRange     '1.1.8',
41 silly addNameRange     '1.1.9-beta1',
41 silly addNameRange     '1.1.9',
41 silly addNameRange     '1.1.10',
41 silly addNameRange     '1.1.11-beta1',
41 silly addNameRange     '1.1.11-beta2',
41 silly addNameRange     '1.1.11',
41 silly addNameRange     '1.1.12-beta1',
41 silly addNameRange     '1.1.12-beta2',
41 silly addNameRange     '1.1.12-beta3',
41 silly addNameRange     '1.1.12',
41 silly addNameRange     '1.1.13',
41 silly addNameRange     '1.1.14-beta1',
41 silly addNameRange     '1.1.14-beta2',
41 silly addNameRange     '1.1.14-beta3',
41 silly addNameRange     '1.2.0-beta1',
41 silly addNameRange     '1.2.0',
41 silly addNameRange     '1.2.1-beta1',
41 silly addNameRange     '1.2.1-beta2',
41 silly addNameRange     '1.2.1-beta3',
41 silly addNameRange     '1.2.1-beta4',
41 silly addNameRange     '1.2.1',
41 silly addNameRange     '1.2.2',
41 silly addNameRange     '1.2.3-beta1',
41 silly addNameRange     '1.2.3-beta2',
41 silly addNameRange     '1.2.3-beta3',
41 silly addNameRange     '1.2.3',
41 silly addNameRange     '1.2.4-beta1',
41 silly addNameRange     '1.2.4-beta2',
41 silly addNameRange     '1.2.4-beta3',
41 silly addNameRange     '1.2.4',
41 silly addNameRange     '1.2.5-beta1',
41 silly addNameRange     '1.2.5-beta2',
41 silly addNameRange     '1.2.5-beta3',
41 silly addNameRange     '1.2.5',
41 silly addNameRange     '1.2.6-beta1',
41 silly addNameRange     '1.2.6-beta2',
41 silly addNameRange     '1.2.6-beta3',
41 silly addNameRange     '1.2.6',
41 silly addNameRange     '1.2.7',
41 silly addNameRange     '1.2.8-beta1',
41 silly addNameRange     '1.2.8-beta2',
41 silly addNameRange     '1.2.8',
41 silly addNameRange     '1.2.9',
41 silly addNameRange     '1.2.10',
41 silly addNameRange     '1.2.11',
41 silly addNameRange     '1.2.12',
41 silly addNameRange     '1.2.13',
41 silly addNameRange     '1.2.14-beta1',
41 silly addNameRange     '1.2.14-beta2',
41 silly addNameRange     '1.2.14-beta3',
41 silly addNameRange     '1.2.14-beta4',
41 silly addNameRange     '1.2.14-beta5',
41 silly addNameRange     '1.2.14-beta6',
41 silly addNameRange     '1.2.14',
41 silly addNameRange     '1.3.0-beta1',
41 silly addNameRange     '1.3.0',
41 silly addNameRange     '1.3.1',
41 silly addNameRange     '1.3.2',
41 silly addNameRange     '1.3.3',
41 silly addNameRange     '1.3.4',
41 silly addNameRange     '1.3.5',
41 silly addNameRange     '1.3.6',
41 silly addNameRange     '1.3.7',
41 silly addNameRange     '1.3.8',
41 silly addNameRange     '1.3.9',
41 silly addNameRange     '1.3.10',
41 silly addNameRange     '1.4.0-alpha.1',
41 silly addNameRange     '1.3.11',
41 silly addNameRange     '1.3.1-1.alpha.0',
41 silly addNameRange     '1.4.0-alpha.2',
41 silly addNameRange     '1.3.12',
41 silly addNameRange     '1.3.12-beta.1',
41 silly addNameRange     '1.3.12-beta.2',
41 silly addNameRange     '1.3.13-beta.0',
41 silly addNameRange     '1.3.1-3.beta.1',
41 silly addNameRange     '1.3.1-3.beta.2',
41 silly addNameRange     '1.3.13',
41 silly addNameRange     '1.3.1-3.beta.4',
41 silly addNameRange     '1.3.14-beta',
41 silly addNameRange     '1.3.14-beta.1',
41 silly addNameRange     '1.4.0-alpha.3',
41 silly addNameRange     '1.3.14',
41 silly addNameRange     '1.4.0-alpha.4',
41 silly addNameRange     '1.4.0-alpha.5',
41 silly addNameRange     '1.3.15-beta.0',
41 silly addNameRange     '1.3.15-beta.1',
41 silly addNameRange     '1.3.15-beta.2',
41 silly addNameRange     '1.3.15-beta.3',
41 silly addNameRange     '1.3.15-beta.4',
41 silly addNameRange     '1.3.15',
41 silly addNameRange     '1.3.16',
41 silly addNameRange     '1.4.0-alpha.6',
41 silly addNameRange     '1.3.17-beta.0',
41 silly addNameRange     '1.3.17-beta.1',
41 silly addNameRange     '1.3.17-beta.2',
41 silly addNameRange     '1.3.17-beta.3',
41 silly addNameRange     '1.3.1-7.beta.4',
41 silly addNameRange     '1.3.17',
41 silly addNameRange     '1.3.18-beta.0',
41 silly addNameRange     '1.3.18-beta.1',
41 silly addNameRange     '1.3.18-beta.2',
41 silly addNameRange     '1.3.18-beta.3',
41 silly addNameRange     '1.3.18',
41 silly addNameRange     '1.3.19-beta.0',
41 silly addNameRange     '1.3.19-beta.1',
41 silly addNameRange     '1.3.19-beta.2',
41 silly addNameRange     '1.3.19-beta.3',
41 silly addNameRange     '1.3.19-beta.4',
41 silly addNameRange     '1.3.19',
41 silly addNameRange     '1.3.20',
41 silly addNameRange     '1.4.1-beta.0',
41 silly addNameRange     '1.4.0-beta.1',
41 silly addNameRange     '1.4.0-beta.2',
41 silly addNameRange     '1.4.0-beta.3',
41 silly addNameRange     '1.4.0-beta.5',
41 silly addNameRange     '1.4.0-beta.6',
41 silly addNameRange     '1.4.0-beta.7',
41 silly addNameRange     '1.3.21-beta.0',
41 silly addNameRange     '1.3.21-beta.1',
41 silly addNameRange     '1.3.21',
41 silly addNameRange     '1.3.22',
41 silly addNameRange     '1.4.0-beta.8',
41 silly addNameRange     '1.4.0-beta.9',
41 silly addNameRange     '1.4.0-beta.10',
41 silly addNameRange     '1.4.0-beta.11',
41 silly addNameRange     '1.4.0-beta.12',
41 silly addNameRange     '1.4.0-beta.13',
41 silly addNameRange     '1.4.0-beta.14',
41 silly addNameRange     '1.4.0-beta.15',
41 silly addNameRange     '1.4.0-beta.16',
41 silly addNameRange     '1.4.0-beta.17',
41 silly addNameRange     '1.4.0-beta.18',
41 silly addNameRange     '1.4.0',
41 silly addNameRange     '1.4.1',
41 silly addNameRange     '1.4.2',
41 silly addNameRange     '1.4.3',
41 silly addNameRange     '1.4.4-beta.0',
41 silly addNameRange     '1.4.4-beta.2',
41 silly addNameRange     '1.4.4',
41 silly addNameRange     '1.4.5-beta.0',
41 silly addNameRange     '1.4.5-beta.1',
41 silly addNameRange     '1.4.5-beta.2',
41 silly addNameRange     '1.4.5-beta.3',
41 silly addNameRange     '1.4.5',
41 silly addNameRange     '1.4.6-beta.0',
41 silly addNameRange     '1.4.6',
41 silly addNameRange     '1.4.7',
41 silly addNameRange     '1.4.8',
41 silly addNameRange     '1.5.0-beta.0',
41 silly addNameRange     '1.5.0-beta.1',
41 silly addNameRange     '1.5.0',
41 silly addNameRange     '1.5.1-beta.0',
41 silly addNameRange     '1.5.1-beta.1',
41 silly addNameRange     '1.5.1-beta.2',
41 silly addNameRange     '1.5.1-beta.3' ] ]
42 verbose addNamed ionic@1.5.0
43 silly addNamed semver.valid 1.5.0
44 silly addNamed semver.validRange 1.5.0
45 silly mapToRegistry name ionic
46 silly mapToRegistry using default registry
47 silly mapToRegistry registry https://registry.npmjs.org/
48 silly mapToRegistry uri https://registry.npmjs.org/ionic
49 verbose addRemoteTarball https://registry.npmjs.org/ionic/-/ionic-1.5.0.tgz not in flight; adding
50 verbose addRemoteTarball [ 'https://registry.npmjs.org/ionic/-/ionic-1.5.0.tgz',
50 verbose addRemoteTarball   '9777e0724a447f277c2e51c89f550e2f5ea54c35' ]
51 info retry fetch attempt 1 at 8:30:30 AM
52 info attempt registry request try #1 at 8:30:30 AM
53 http fetch GET https://registry.npmjs.org/ionic/-/ionic-1.5.0.tgz
54 http 200 https://registry.npmjs.org/cordova
55 silly get cb [ 200,
55 silly get   { server: 'CouchDB/1.5.0 (Erlang OTP/R16B03)',
55 silly get     etag: '"F01MPWUEN0H4FXSMGWPJJWVO3"',
55 silly get     'content-type': 'application/json',
55 silly get     'cache-control': 'max-age=60',
55 silly get     'content-length': '351907',
55 silly get     'accept-ranges': 'bytes',
55 silly get     date: 'Sat, 13 Jun 2015 03:00:29 GMT',
55 silly get     via: '1.1 varnish',
55 silly get     age: '0',
55 silly get     connection: 'keep-alive',
55 silly get     'x-served-by': 'cache-sin6921-SIN',
55 silly get     'x-cache': 'HIT',
55 silly get     'x-cache-hits': '1',
55 silly get     'x-timer': 'S1434164429.283218,VS0,VE262',
55 silly get     vary: 'Accept' } ]
56 verbose get saving cordova to /home/hari/.npm/registry.npmjs.org/cordova/.cache.json
57 silly addNameRange number 2 { name: 'cordova', range: '*', hasData: true }
58 silly addNameRange versions [ 'cordova',
58 silly addNameRange   [ '0.0.1',
58 silly addNameRange     '0.0.2',
58 silly addNameRange     '0.0.3',
58 silly addNameRange     '0.0.4',
58 silly addNameRange     '0.0.5',
58 silly addNameRange     '0.0.6',
58 silly addNameRange     '0.0.7',
58 silly addNameRange     '0.0.8',
58 silly addNameRange     '0.0.9',
58 silly addNameRange     '0.1.0',
58 silly addNameRange     '0.1.1',
58 silly addNameRange     '0.1.2',
58 silly addNameRange     '0.1.3',
58 silly addNameRange     '0.1.4',
58 silly addNameRange     '0.1.5',
58 silly addNameRange     '0.1.6',
58 silly addNameRange     '0.1.7',
58 silly addNameRange     '0.1.8',
58 silly addNameRange     '0.1.9',
58 silly addNameRange     '0.1.10',
58 silly addNameRange     '0.1.11',
58 silly addNameRange     '0.1.12',
58 silly addNameRange     '0.1.13',
58 silly addNameRange     '0.1.14',
58 silly addNameRange     '2.2.0',
58 silly addNameRange     '2.3.0',
58 silly addNameRange     '2.3.1',
58 silly addNameRange     '2.3.2',
58 silly addNameRange     '2.3.3',
58 silly addNameRange     '2.3.5',
58 silly addNameRange     '2.3.6',
58 silly addNameRange     '2.4.0',
58 silly addNameRange     '2.4.1',
58 silly addNameRange     '2.4.2',
58 silly addNameRange     '2.4.3',
58 silly addNameRange     '2.4.4',
58 silly addNameRange     '2.4.5',
58 silly addNameRange     '2.4.6',
58 silly addNameRange     '2.4.7',
58 silly addNameRange     '2.4.8',
58 silly addNameRange     '2.4.9',
58 silly addNameRange     '2.4.10',
58 silly addNameRange     '2.5.0',
58 silly addNameRange     '2.5.2',
58 silly addNameRange     '2.5.3',
58 silly addNameRange     '2.5.4',
58 silly addNameRange     '2.5.5',
58 silly addNameRange     '2.6.0',
58 silly addNameRange     '2.6.1',
58 silly addNameRange     '2.6.2',
58 silly addNameRange     '2.7.0-rc.1',
58 silly addNameRange     '2.7.1-rc.1',
58 silly addNameRange     '2.7.2',
58 silly addNameRange     '2.7.3',
58 silly addNameRange     '2.7.4',
58 silly addNameRange     '2.8.0',
58 silly addNameRange     '2.8.1',
58 silly addNameRange     '2.8.2',
58 silly addNameRange     '2.8.3',
58 silly addNameRange     '2.8.4',
58 silly addNameRange     '2.8.5',
58 silly addNameRange     '2.8.6',
58 silly addNameRange     '2.8.7',
58 silly addNameRange     '2.8.8',
58 silly addNameRange     '2.8.9',
58 silly addNameRange     '2.8.10',
58 silly addNameRange     '2.8.11',
58 silly addNameRange     '2.8.12',
58 silly addNameRange     '2.8.13',
58 silly addNameRange     '2.8.14',
58 silly addNameRange     '2.8.15',
58 silly addNameRange     '2.8.16',
58 silly addNameRange     '2.8.17',
58 silly addNameRange     '2.8.18',
58 silly addNameRange     '2.8.19',
58 silly addNameRange     '2.8.20',
58 silly addNameRange     '2.8.21',
58 silly addNameRange     '2.8.22',
58 silly addNameRange     '2.8.23',
58 silly addNameRange     '2.8.24',
58 silly addNameRange     '2.8.25',
58 silly addNameRange     '2.9.0',
58 silly addNameRange     '2.9.1',
58 silly addNameRange     '2.9.2',
58 silly addNameRange     '2.9.3',
58 silly addNameRange     '2.9.4',
58 silly addNameRange     '2.9.5',
58 silly addNameRange     '2.9.6',
58 silly addNameRange     '2.9.7',
58 silly addNameRange     '3.0.0-rc1',
58 silly addNameRange     '3.0.0-rc1-1',
58 silly addNameRange     '3.0.0-rc1-3',
58 silly addNameRange     '3.0.0',
58 silly addNameRange     '3.0.1',
58 silly addNameRange     '3.0.2',
58 silly addNameRange     '3.0.3',
58 silly addNameRange     '3.0.4',
58 silly addNameRange     '3.0.5',
58 silly addNameRange     '3.0.6',
58 silly addNameRange     '3.0.7',
58 silly addNameRange     '3.0.8',
58 silly addNameRange     '3.0.9',
58 silly addNameRange     '3.0.10',
58 silly addNameRange     '3.1.0-0.1.0',
58 silly addNameRange     '3.1.0-0.2.0',
58 silly addNameRange     '3.2.0-rc.1',
58 silly addNameRange     '3.2.0-0.1.0',
58 silly addNameRange     '3.2.0-0.2.0',
58 silly addNameRange     '3.2.0-0.3.0',
58 silly addNameRange     '3.2.0-0.4.0',
58 silly addNameRange     '3.3.0-rc.1',
58 silly addNameRange     '3.3.0-0.1.1',
58 silly addNameRange     '3.3.1-0.1.2',
58 silly addNameRange     '2.9.0-rc1',
58 silly addNameRange     '3.3.1-0.3.0',
58 silly addNameRange     '3.3.1-0.3.1',
58 silly addNameRange     '3.3.1-0.4.1',
58 silly addNameRange     '3.3.1-0.4.2',
58 silly addNameRange     '3.4.0-0.1.0',
58 silly addNameRange     '3.4.0-0.1.1',
58 silly addNameRange     '3.4.0-0.1.2',
58 silly addNameRange     '3.4.0-0.1.3',
58 silly addNameRange     '0.0.0-fake',
58 silly addNameRange     '3.4.1-0.1.0',
58 silly addNameRange     '3.5.0-0.2.0',
58 silly addNameRange     '3.5.0-0.2.1',
58 silly addNameRange     '3.5.0-0.2.2',
58 silly addNameRange     '3.5.0-0.2.3',
58 silly addNameRange     '3.5.0-0.2.4',
58 silly addNameRange     '3.5.0-0.2.6',
58 silly addNameRange     '3.5.0-0.2.7',
58 silly addNameRange     '3.6.0-0.2.8',
58 silly addNameRange     '3.6.0-0.2.9',
58 silly addNameRange     '3.6.1-0.2.10',
58 silly addNameRange     '3.6.3-0.2.11',
58 silly addNameRange     '3.6.3-0.2.12',
58 silly addNameRange     '3.6.3-0.2.13',
58 silly addNameRange     '4.0.0',
58 silly addNameRange     '4.0.1',
58 silly addNameRange     '4.1.0',
58 silly addNameRange     '4.1.1',
58 silly addNameRange     '4.1.2',
58 silly addNameRange     '4.1.3-nightly.2014.10.21',
58 silly addNameRange     '4.2.0',
58 silly addNameRange     '4.3.0',
58 silly addNameRange     '5.0.0',
58 silly addNameRange     '4.3.1',
58 silly addNameRange     '5.1.1' ] ]
59 verbose addNamed cordova@5.1.1
60 silly addNamed semver.valid 5.1.1
61 silly addNamed semver.validRange 5.1.1
62 silly mapToRegistry name cordova
63 silly mapToRegistry using default registry
64 silly mapToRegistry registry https://registry.npmjs.org/
65 silly mapToRegistry uri https://registry.npmjs.org/cordova
66 verbose addRemoteTarball https://registry.npmjs.org/cordova/-/cordova-5.1.1.tgz not in flight; adding
67 verbose addRemoteTarball [ 'https://registry.npmjs.org/cordova/-/cordova-5.1.1.tgz',
67 verbose addRemoteTarball   'a9da84a4b42eac67d4b661246c7a6704c350eaae' ]
68 info retry fetch attempt 1 at 8:30:30 AM
69 info attempt registry request try #1 at 8:30:30 AM
70 http fetch GET https://registry.npmjs.org/cordova/-/cordova-5.1.1.tgz
71 http fetch 200 https://registry.npmjs.org/ionic/-/ionic-1.5.0.tgz
72 http fetch 200 https://registry.npmjs.org/cordova/-/cordova-5.1.1.tgz
73 silly fetchAndShaCheck shasum a9da84a4b42eac67d4b661246c7a6704c350eaae
74 verbose addTmpTarball /tmp/npm-13417-0501f824/registry.npmjs.org/cordova/-/cordova-5.1.1.tgz not in flight; adding
75 verbose addTmpTarball already have metadata; skipping unpack for cordova@5.1.1
76 silly cache afterAdd cordova@5.1.1
77 verbose afterAdd /home/hari/.npm/cordova/5.1.1/package/package.json not in flight; writing
78 verbose afterAdd /home/hari/.npm/cordova/5.1.1/package/package.json written
79 silly fetchAndShaCheck shasum 9777e0724a447f277c2e51c89f550e2f5ea54c35
80 verbose addTmpTarball /tmp/npm-13417-0501f824/registry.npmjs.org/ionic/-/ionic-1.5.0.tgz not in flight; adding
81 verbose addTmpTarball already have metadata; skipping unpack for ionic@1.5.0
82 silly cache afterAdd ionic@1.5.0
83 verbose afterAdd /home/hari/.npm/ionic/1.5.0/package/package.json not in flight; writing
84 verbose afterAdd /home/hari/.npm/ionic/1.5.0/package/package.json written
85 silly install resolved [ { name: 'cordova',
85 silly install resolved     version: '5.1.1',
85 silly install resolved     preferGlobal: 'true',
85 silly install resolved     description: 'Cordova command line interface tool',
85 silly install resolved     main: 'cordova',
85 silly install resolved     engines: { node: '>=0.9.9' },
85 silly install resolved     engineStrict: true,
85 silly install resolved     bin: { cordova: './bin/cordova' },
85 silly install resolved     scripts:
85 silly install resolved      { test: 'node node_modules/jasmine-node/bin/jasmine-node --captureExceptions --color spec',
85 silly install resolved        cover: 'node node_modules/istanbul/lib/cli.js cover --root src --print detail node_modules/jasmine-node/bin/jasmine-node -- spec' },
85 silly install resolved     repository:
85 silly install resolved      { type: 'git',
85 silly install resolved        url: 'https://git-wip-us.apache.org/repos/asf/cordova-cli.git' },
85 silly install resolved     bugs:
85 silly install resolved      { url: 'https://issues.apache.org/jira/browse/CB',
85 silly install resolved        email: 'dev@cordova.apache.org' },
85 silly install resolved     keywords: [ 'cordova', 'client', 'cli' ],
85 silly install resolved     dependencies:
85 silly install resolved      { 'cordova-lib': '5.1.1',
85 silly install resolved        q: '1.0.1',
85 silly install resolved        nopt: '3.0.1',
85 silly install resolved        underscore: '1.7.0' },
85 silly install resolved     devDependencies:
85 silly install resolved      { istanbul: '^0.3.4',
85 silly install resolved        grunt: '0.4.5',
85 silly install resolved        'grunt-retire': '0.3.7',
85 silly install resolved        'jasmine-node': '1.14.5' },
85 silly install resolved     author: { name: 'Anis Kadri' },
85 silly install resolved     contributors:
85 silly install resolved      [ [Object],
85 silly install resolved        [Object],
85 silly install resolved        [Object],
85 silly install resolved        [Object],
85 silly install resolved        [Object],
85 silly install resolved        [Object],
85 silly install resolved        [Object],
85 silly install resolved        [Object],
85 silly install resolved        [Object],
85 silly install resolved        [Object],
85 silly install resolved        [Object],
85 silly install resolved        [Object],
85 silly install resolved        [Object],
85 silly install resolved        [Object],
85 silly install resolved        [Object],
85 silly install resolved        [Object],
85 silly install resolved        [Object],
85 silly install resolved        [Object],
85 silly install resolved        [Object],
85 silly install resolved        [Object],
85 silly install resolved        [Object],
85 silly install resolved        [Object],
85 silly install resolved        [Object],
85 silly install resolved        [Object] ],
85 silly install resolved     license: 'Apache version 2.0',
85 silly install resolved     _id: 'cordova@5.1.1',
85 silly install resolved     _shasum: 'a9da84a4b42eac67d4b661246c7a6704c350eaae',
85 silly install resolved     _resolved: 'https://registry.npmjs.org/cordova/-/cordova-5.1.1.tgz',
85 silly install resolved     _from: 'cordova@*',
85 silly install resolved     _npmVersion: '2.9.1',
85 silly install resolved     _nodeVersion: '0.10.36',
85 silly install resolved     _npmUser: { name: 'stevegill', email: 'stevengill97@gmail.com' },
85 silly install resolved     dist:
85 silly install resolved      { shasum: 'a9da84a4b42eac67d4b661246c7a6704c350eaae',
85 silly install resolved        tarball: 'http://registry.npmjs.org/cordova/-/cordova-5.1.1.tgz' },
85 silly install resolved     maintainers:
85 silly install resolved      [ [Object],
85 silly install resolved        [Object],
85 silly install resolved        [Object],
85 silly install resolved        [Object],
85 silly install resolved        [Object],
85 silly install resolved        [Object],
85 silly install resolved        [Object],
85 silly install resolved        [Object],
85 silly install resolved        [Object],
85 silly install resolved        [Object],
85 silly install resolved        [Object],
85 silly install resolved        [Object],
85 silly install resolved        [Object],
85 silly install resolved        [Object],
85 silly install resolved        [Object],
85 silly install resolved        [Object],
85 silly install resolved        [Object] ],
85 silly install resolved     directories: {} },
85 silly install resolved   { name: 'ionic',
85 silly install resolved     version: '1.5.0',
85 silly install resolved     preferGlobal: true,
85 silly install resolved     description: 'A tool for creating and developing Ionic Framework mobile apps.',
85 silly install resolved     homepage: 'http://ionicframework.com/',
85 silly install resolved     bin: { ionic: 'bin/ionic' },
85 silly install resolved     scripts:
85 silly install resolved      { bump: 'node lib/tasks/bumpversion',
85 silly install resolved        'beta-bump': 'node lib/tasks/bumpversion --level pre --identifier beta',
85 silly install resolved        'publish-release': 'node lib/tasks/bumpversion --npmPublish',
85 silly install resolved        'publish-tag': 'node lib/tasks/bumpversion --level beta --npmPublishTag',
85 silly install resolved        'full-release': 'node lib/tasks/bumpversion --npmInstall --git --npmPublish',
85 silly install resolved        test: 'npm run jasmine',
85 silly install resolved        e2e: 'jasmine-node --captureExceptions ./e2e',
85 silly install resolved        jasmine: 'jasmine-node --captureExceptions  ./spec' },
85 silly install resolved     keywords:
85 silly install resolved      [ 'ionic',
85 silly install resolved        'ionic framework',
85 silly install resolved        'ionicframework',
85 silly install resolved        'mobile',
85 silly install resolved        'app',
85 silly install resolved        'hybrid',
85 silly install resolved        'cordova',
85 silly install resolved        'phonegap' ],
85 silly install resolved     repository:
85 silly install resolved      { type: 'git',
85 silly install resolved        url: 'https://github.com/driftyco/ionic-cli.git' },
85 silly install resolved     contributors: [ [Object], [Object], [Object], [Object] ],
85 silly install resolved     license: 'MIT',
85 silly install resolved     dependencies:
85 silly install resolved      { archiver: '0.5.1',
85 silly install resolved        async: '^0.9.0',
85 silly install resolved        cheerio: '^0.19.0',
85 silly install resolved        'cli-table': '^0.3.1',
85 silly install resolved        colors: '0.6.2',
85 silly install resolved        connect: '3.1.1',
85 silly install resolved        'connect-livereload': '0.5.2',
85 silly install resolved        crc: '3.2.1',
85 silly install resolved        'cross-spawn': '0.2.3',
85 silly install resolved        'event-stream': '3.0.x',
85 silly install resolved        finalhandler: '0.2.0',
85 silly install resolved        'form-data': '0.1.4',
85 silly install resolved        gulp: '3.8.8',
85 silly install resolved        'ionic-app-lib': '0.1.0',
85 silly install resolved        ncp: '0.4.2',
85 silly install resolved        npm: '2.1.3',
85 silly install resolved        'opbeat-ionic': '^1.1.3',
85 silly install resolved        open: '0.0.5',
85 silly install resolved        optimist: '0.6.0',
85 silly install resolved        progress: '1.1.7',
85 silly install resolved        prompt: '0.2.12',
85 silly install resolved        'proxy-middleware': '^0.7.0',
85 silly install resolved        q: '1.0.1',
85 silly install resolved        request: '2.51.0',
85 silly install resolved        semver: '^4.2.0',
85 silly install resolved        'serve-static': '1.7.1',
85 silly install resolved        shelljs: '0.2.6',
85 silly install resolved        'tiny-lr-fork': '0.0.5',
85 silly install resolved        underscore: '~1.7.0',
85 silly install resolved        unzip: '0.1.9',
85 silly install resolved        'vinyl-fs': '0.3.7',
85 silly install resolved        xml2js: '0.4.4' },
85 silly install resolved     devDependencies: { 'jasmine-node': '^1.14.5' },
85 silly install resolved     gitHead: 'b9d55fca3cddceea8ba516ff25f20fd5f4bc792d',
85 silly install resolved     bugs: { url: 'https://github.com/driftyco/ionic-cli/issues' },
85 silly install resolved     _id: 'ionic@1.5.0',
85 silly install resolved     _shasum: '9777e0724a447f277c2e51c89f550e2f5ea54c35',
85 silly install resolved     _from: 'ionic@*',
85 silly install resolved     _npmVersion: '2.5.1',
85 silly install resolved     _nodeVersion: '0.10.33',
85 silly install resolved     _npmUser: { name: 'jbavari', email: 'jbavari@gmail.com' },
85 silly install resolved     dist:
85 silly install resolved      { shasum: '9777e0724a447f277c2e51c89f550e2f5ea54c35',
85 silly install resolved        tarball: 'http://registry.npmjs.org/ionic/-/ionic-1.5.0.tgz' },
85 silly install resolved     maintainers: [ [Object], [Object], [Object] ],
85 silly install resolved     directories: {},
85 silly install resolved     _resolved: 'https://registry.npmjs.org/ionic/-/ionic-1.5.0.tgz' } ]
86 info install cordova@5.1.1 into /usr/local/lib
87 info install ionic@1.5.0 into /usr/local/lib
88 info installOne cordova@5.1.1
89 verbose installOne of cordova to /usr/local/lib not in flight; installing
90 info installOne ionic@1.5.0
91 verbose installOne of ionic to /usr/local/lib not in flight; installing
92 verbose lock using /home/hari/.npm/_locks/cordova-fa12e2e096426a32.lock for /usr/local/lib/node_modules/cordova
93 verbose lock using /home/hari/.npm/_locks/ionic-61c0cd50dc7a1457.lock for /usr/local/lib/node_modules/ionic
94 silly install write writing cordova 5.1.1 to /usr/local/lib/node_modules/cordova
95 silly install write writing ionic 1.5.0 to /usr/local/lib/node_modules/ionic
96 silly cache addNamed cb cordova@5.1.1
97 verbose unbuild lib/node_modules/cordova
98 silly cache addNamed cb ionic@1.5.0
99 verbose unbuild lib/node_modules/ionic
100 verbose gentlyRm vacuuming /usr/local/lib/node_modules/cordova
101 verbose gentlyRm vacuuming /usr/local/lib/node_modules/ionic
102 verbose tar unpack /home/hari/.npm/cordova/5.1.1/package.tgz
103 verbose tar unpacking to /usr/local/lib/node_modules/cordova
104 verbose gentlyRm vacuuming /usr/local/lib/node_modules/cordova
105 verbose tar unpack /home/hari/.npm/ionic/1.5.0/package.tgz
106 verbose tar unpacking to /usr/local/lib/node_modules/ionic
107 verbose gentlyRm vacuuming /usr/local/lib/node_modules/ionic
108 silly gunzTarPerm modes [ '755', '644' ]
109 silly gunzTarPerm modes [ '755', '644' ]
110 error tar.unpack untar error /home/hari/.npm/cordova/5.1.1/package.tgz
111 error tar.unpack untar error /home/hari/.npm/ionic/1.5.0/package.tgz
112 verbose unlock done using /home/hari/.npm/_locks/ionic-61c0cd50dc7a1457.lock for /usr/local/lib/node_modules/ionic
113 verbose unlock done using /home/hari/.npm/_locks/cordova-fa12e2e096426a32.lock for /usr/local/lib/node_modules/cordova
114 verbose fstream_path /usr/local/lib/node_modules/ionic
115 verbose fstream_type Directory
116 verbose fstream_class DirWriter
117 verbose stack Error: EACCES, mkdir '/usr/local/lib/node_modules/ionic'
117 verbose stack     at Error (native)
118 verbose fstream_stack /usr/local/lib/node_modules/npm/node_modules/fstream/lib/dir-writer.js:36:23
118 verbose fstream_stack /usr/local/lib/node_modules/npm/node_modules/mkdirp/index.js:46:53
118 verbose fstream_stack FSReqWrap.oncomplete (fs.js:99:15)
119 verbose cwd /home/hari/wrkspc/projects/billid/poc-mobile-app
120 error Linux 3.13.0-24-generic
121 error argv "/usr/local/bin/node" "/usr/local/bin/npm" "install" "-g" "cordova" "ionic"
122 error node v0.12.0
123 error npm  v2.5.1
124 error path /usr/local/lib/node_modules/ionic
125 error code EACCES
126 error errno -13
127 error Error: EACCES, mkdir '/usr/local/lib/node_modules/ionic'
127 error     at Error (native)
127 error  { [Error: EACCES, mkdir '/usr/local/lib/node_modules/ionic']
127 error   errno: -13,
127 error   code: 'EACCES',
127 error   path: '/usr/local/lib/node_modules/ionic',
127 error   fstream_type: 'Directory',
127 error   fstream_path: '/usr/local/lib/node_modules/ionic',
127 error   fstream_class: 'DirWriter',
127 error   fstream_stack:
127 error    [ '/usr/local/lib/node_modules/npm/node_modules/fstream/lib/dir-writer.js:36:23',
127 error      '/usr/local/lib/node_modules/npm/node_modules/mkdirp/index.js:46:53',
127 error      'FSReqWrap.oncomplete (fs.js:99:15)' ] }
128 error Please try running this command again as root/Administrator.
129 verbose exit [ -13, true ]
130 verbose unbuild lib/node_modules/cordova
131 verbose gentlyRm vacuuming /usr/local/lib/node_modules/cordova
132 verbose unbuild lib/node_modules/ionic
133 verbose gentlyRm vacuuming /usr/local/lib/node_modules/ionic
